D:\VSTS\iPlat4j\Source\iPlat4j3\web\EC\AF\ECAF01.jsp
D:\VSTS\iPlat4j\Source\iPlat4j3\web\EC\AF\ECAF02.jsp
D:\VSTS\iPlat4j\Source\iPlat4j3\web\EC\AF\ECAF03.jsp
D:\VSTS\iPlat4j\Source\iPlat4j3\web\EC\AM\ECAM01.jsp
D:\VSTS\iPlat4j\Source\iPlat4j3\web\EC\AM\ECAM0102.jsp
D:\VSTS\iPlat4j\Source\iPlat4j3\web\EC\AM\ECAM03.jsp
D:\VSTS\iPlat4j\Source\iPlat4j3\web\EC\AM\ECAM04.jsp
D:\VSTS\iPlat4j\Source\iPlat4j3\web\EC\AM\ECAM05.jsp
D:\VSTS\iPlat4j\Source\iPlat4j3\web\EC\AM\ECAM06.jsp
D:\VSTS\iPlat4j\Source\iPlat4j3\web\EC\AM\ECAM07.jsp
D:\VSTS\iPlat4j\Source\iPlat4j3\web\EC\CM\ECCM01.jsp
D:\VSTS\iPlat4j\Source\iPlat4j3\web\EC\CM\ECCM0100.jsp
D:\VSTS\iPlat4j\Source\iPlat4j3\web\EC\CM\ECCM02.jsp
D:\VSTS\iPlat4j\Source\iPlat4j3\web\EC\CM\ECCM03.jsp
D:\VSTS\iPlat4j\Source\iPlat4j3\web\EC\CM\ECCM05.jsp
D:\VSTS\iPlat4j\Source\iPlat4j3\web\EC\DM\ECDM01.jsp
D:\VSTS\iPlat4j\Source\iPlat4j3\web\EC\DM\ECDMTT.jsp
D:\VSTS\iPlat4j\Source\iPlat4j3\web\EC\LG\ECLG01.jsp
D:\VSTS\iPlat4j\Source\iPlat4j3\web\EC\PM\ECPM01.jsp
D:\VSTS\iPlat4j\Source\iPlat4j3\web\EC\SA\ECSA01.jsp
D:\VSTS\iPlat4j\Source\iPlat4j3\web\EC\SA\ECSA02.jsp
D:\VSTS\iPlat4j\Source\iPlat4j3\web\EC\SA\ECSA03.jsp
D:\VSTS\iPlat4j\Source\iPlat4j3\web\EC\SA\ECSA04.jsp
D:\VSTS\iPlat4j\Source\iPlat4j3\web\EC\SA\ECSA05.jsp
D:\VSTS\iPlat4j\Source\iPlat4j3\web\EC\SA\ECSA06.jsp
D:\VSTS\iPlat4j\Source\iPlat4j3\web\EC\SA\ECSA07.jsp
D:\VSTS\iPlat4j\Source\iPlat4j3\web\EC\SA\ECSA08.jsp
D:\VSTS\iPlat4j\Source\iPlat4j3\web\EC\SM\ECSM01.jsp
D:\VSTS\iPlat4j\Source\iPlat4j3\web\EC\SM\ECSM02.jsp
D:\VSTS\iPlat4j\Source\iPlat4j3\web\EC\SM\ECSM03.jsp
D:\VSTS\iPlat4j\Source\iPlat4j3\web\EC\TM\ECTM01.jsp
D:\VSTS\iPlat4j\Source\iPlat4j3\web\EC\TM\ECTM0102.jsp
D:\VSTS\iPlat4j\Source\iPlat4j3\web\EC\TM\ECTM0104.jsp
D:\VSTS\iPlat4j\Source\iPlat4j3\web\EC\TM\ECTM03.jsp
D:\VSTS\iPlat4j\Source\iPlat4j3\web\EC\TM\ECTM05.jsp
D:\VSTS\iPlat4j\Source\iPlat4j3\web\EC\TM\ECTM0501.jsp
D:\VSTS\iPlat4j\Source\iPlat4j3\web\EC\TM\ECTM06.jsp
D:\VSTS\iPlat4j\Source\iPlat4j3\web\EC\TM\ECTM07.jsp
D:\VSTS\iPlat4j\Source\iPlat4j3\web\EC\TM\ECTM08.jsp
D:\VSTS\iPlat4j\Source\iPlat4j3\web\EC\TM\ECTM09.jsp
D:\VSTS\iPlat4j\Source\iPlat4j3\web\EC\TM\ECTM10.jsp
D:\VSTS\iPlat4j\Source\iPlat4j3\web\EC\TM\ECTM1001.jsp
D:\VSTS\iPlat4j\Source\iPlat4j3\web\EC\TM\ECTM1002.jsp
D:\VSTS\iPlat4j\Source\iPlat4j3\web\EC\TM\ECTM1003.jsp
D:\VSTS\iPlat4j\Source\iPlat4j3\web\EC\TM\ECTM1004.jsp
D:\VSTS\iPlat4j\Source\iPlat4j3\web\EC\TM\ECTM1005.jsp
D:\VSTS\iPlat4j\Source\iPlat4j3\web\EC\TM\ECTM1006.jsp
D:\VSTS\iPlat4j\Source\iPlat4j3\web\EC\TM\ECTM1007.jsp
D:\VSTS\iPlat4j\Source\iPlat4j3\web\EC\TM\ECTM1009.jsp
D:\VSTS\iPlat4j\Source\iPlat4j3\web\EC\TM\ECTM1010.jsp
D:\VSTS\iPlat4j\Source\iPlat4j3\web\EC\TM\ECTM11.jsp
D:\VSTS\iPlat4j\Source\iPlat4j3\web\EC\TM\ECTM13.jsp
D:\VSTS\iPlat4j\Source\iPlat4j3\web\EC\TM\ECTM14.jsp
D:\VSTS\iPlat4j\Source\iPlat4j3\web\EC\TM\ECTM15.jsp
D:\VSTS\iPlat4j\Source\iPlat4j3\web\EC\TM\ECTM1501.jsp
D:\VSTS\iPlat4j\Source\iPlat4j3\web\EC\TM\ECTM40.jsp
D:\VSTS\iPlat4j\Source\iPlat4j3\web\EC\TM\ECTM41.jsp
